<?xml version="1.0" encoding="utf-8"?>
<TestRun id="4163458f-4e16-4cf6-9192-e54a542442c4" name="@Leonel 2026-08-20 15:31:26" xmlns="http://microsoft.com/schemas/VisualStudio/TeamTest/2010">
  <Times creation="2026-08-20T15:31:26.4068757+00:00" queuing="2026-08-20T15:31:26.4068757+00:00" start="2026-08-20T15:31:25.9192579+00:00" finish="2026-08-20T15:31:26.4124925+00:00" />
  <TestSettings name="default" id="02179b51-af09-494e-8bb8-c190679531e7">
    <Deployment runDeploymentRoot="_Leonel_2026-08-20_15_31_26" />
  </TestSettings>
  <Results>
    <UnitTestResult executionId="8be9cf7b-1252-4fef-b55a-4a39f45c727c" testId="56756784-66ef-27f9-b709-90194b9974a8" testName="LealControl.ArchitectureTests.ModuleBoundaryTests.Contracts_stay_dependency_free" computerName="Leonel" duration="00:00:00.0010592" startTime="2026-08-20T15:31:26.3184797+00:00" endTime="2026-08-20T15:31:26.3184797+00:00" testType="13cdc9d9-ddb5-4fa4-a97d-d965ccfc6d4b" outcome="Passed" testListId="8c84fa94-04c1-424b-9868-57a2d4851a1d" relativeResultsDirectory="8be9cf7b-1252-4fef-b55a-4a39f45c727c" />
    <UnitTestResult executionId="55d49076-5ec3-4a88-8f6d-949184a9b402" testId="e826f0b3-4af8-8fb7-01a3-f3295b4da815" testName="LealControl.ArchitectureTests.ModuleBoundaryTests.Domain_does_not_depend_on_other_layers" computerName="Leonel" duration="00:00:00.0088587" startTime="2026-08-20T15:31:26.3173615+00:00" endTime="2026-08-20T15:31:26.3173617+00:00" testType="13cdc9d9-ddb5-4fa4-a97d-d965ccfc6d4b" outcome="Passed" testListId="8c84fa94-04c1-424b-9868-57a2d4851a1d" relativeResultsDirectory="55d49076-5ec3-4a88-8f6d-949184a9b402" />
    <UnitTestResult executionId="781c27fd-02ee-4444-a174-02115cfd1463" testId="bdc33b56-c022-9e7e-e02b-7813e01c94a8" testName="LealControl.ArchitectureTests.ModuleBoundaryTests.Infrastructure_does_not_reference_the_host" computerName="Leonel" duration="00:00:00.0720204" startTime="2026-08-20T15:31:26.3087838+00:00" endTime="2026-08-20T15:31:26.3087929+00:00" testType="13cdc9d9-ddb5-4fa4-a97d-d965ccfc6d4b" outcome="Passed" testListId="8c84fa94-04c1-424b-9868-57a2d4851a1d" relativeResultsDirectory="781c27fd-02ee-4444-a174-02115cfd1463" />
    <UnitTestResult executionId="ec440d3f-11e1-4c6c-91ea-dcb287486f4f" testId="91a35c7f-2948-ecde-6673-14a017bd0eee" testName="LealControl.ArchitectureTests.ModuleBoundaryTests.Application_does_not_depend_on_infrastructure_or_host" computerName="Leonel" duration="00:00:00.0229766" startTime="2026-08-20T15:31:26.3415485+00:00" endTime="2026-08-20T15:31:26.3415486+00:00" testType="13cdc9d9-ddb5-4fa4-a97d-d965ccfc6d4b" outcome="Passed" testListId="8c84fa94-04c1-424b-9868-57a2d4851a1d" relativeResultsDirectory="ec440d3f-11e1-4c6c-91ea-dcb287486f4f" />
  </Results>
  <TestDefinitions>
    <UnitTest name="LealControl.ArchitectureTests.ModuleBoundaryTests.Domain_does_not_depend_on_other_layers" storage="/home/leonel/desarrollo/tests/lealcontrol.architecturetests/bin/debug/net8.0/lealcontrol.architecturetests.dll" id="e826f0b3-4af8-8fb7-01a3-f3295b4da815">
      <Execution id="55d49076-5ec3-4a88-8f6d-949184a9b402" />
      <TestMethod codeBase="/home/leonel/Desarrollo/tests/LealControl.ArchitectureTests/bin/Debug/net8.0/LealControl.ArchitectureTests.dll" adapterTypeName="executor://xunit/VsTestRunner2/netcoreapp" className="LealControl.ArchitectureTests.ModuleBoundaryTests" name="Domain_does_not_depend_on_other_layers" />
    </UnitTest>
    <UnitTest name="LealControl.ArchitectureTests.ModuleBoundaryTests.Infrastructure_does_not_reference_the_host" storage="/home/leonel/desarrollo/tests/lealcontrol.architecturetests/bin/debug/net8.0/lealcontrol.architecturetests.dll" id="bdc33b56-c022-9e7e-e02b-7813e01c94a8">
      <Execution id="781c27fd-02ee-4444-a174-02115cfd1463" />
      <TestMethod codeBase="/home/leonel/Desarrollo/tests/LealControl.ArchitectureTests/bin/Debug/net8.0/LealControl.ArchitectureTests.dll" adapterTypeName="executor://xunit/VsTestRunner2/netcoreapp" className="LealControl.ArchitectureTests.ModuleBoundaryTests" name="Infrastructure_does_not_reference_the_host" />
    </UnitTest>
    <UnitTest name="LealControl.ArchitectureTests.ModuleBoundaryTests.Contracts_stay_dependency_free" storage="/home/leonel/desarrollo/tests/lealcontrol.architecturetests/bin/debug/net8.0/lealcontrol.architecturetests.dll" id="56756784-66ef-27f9-b709-90194b9974a8">
      <Execution id="8be9cf7b-1252-4fef-b55a-4a39f45c727c" />
      <TestMethod codeBase="/home/leonel/Desarrollo/tests/LealControl.ArchitectureTests/bin/Debug/net8.0/LealControl.ArchitectureTests.dll" adapterTypeName="executor://xunit/VsTestRunner2/netcoreapp" className="LealControl.ArchitectureTests.ModuleBoundaryTests" name="Contracts_stay_dependency_free" />
    </UnitTest>
    <UnitTest name="LealControl.ArchitectureTests.ModuleBoundaryTests.Application_does_not_depend_on_infrastructure_or_host" storage="/home/leonel/desarrollo/tests/lealcontrol.architecturetests/bin/debug/net8.0/lealcontrol.architecturetests.dll" id="91a35c7f-2948-ecde-6673-14a017bd0eee">
      <Execution id="ec440d3f-11e1-4c6c-91ea-dcb287486f4f" />
      <TestMethod codeBase="/home/leonel/Desarrollo/tests/LealControl.ArchitectureTests/bin/Debug/net8.0/LealControl.ArchitectureTests.dll" adapterTypeName="executor://xunit/VsTestRunner2/netcoreapp" className="LealControl.ArchitectureTests.ModuleBoundaryTests" name="Application_does_not_depend_on_infrastructure_or_host" />
    </UnitTest>
  </TestDefinitions>
  <TestEntries>
    <TestEntry testId="56756784-66ef-27f9-b709-90194b9974a8" executionId="8be9cf7b-1252-4fef-b55a-4a39f45c727c" testListId="8c84fa94-04c1-424b-9868-57a2d4851a1d" />
    <TestEntry testId="e826f0b3-4af8-8fb7-01a3-f3295b4da815" executionId="55d49076-5ec3-4a88-8f6d-949184a9b402" testListId="8c84fa94-04c1-424b-9868-57a2d4851a1d" />
    <TestEntry testId="bdc33b56-c022-9e7e-e02b-7813e01c94a8" executionId="781c27fd-02ee-4444-a174-02115cfd1463" testListId="8c84fa94-04c1-424b-9868-57a2d4851a1d" />
    <TestEntry testId="91a35c7f-2948-ecde-6673-14a017bd0eee" executionId="ec440d3f-11e1-4c6c-91ea-dcb287486f4f" testListId="8c84fa94-04c1-424b-9868-57a2d4851a1d" />
  </TestEntries>
  <TestLists>
    <TestList name="Results Not in a List" id="8c84fa94-04c1-424b-9868-57a2d4851a1d" />
    <TestList name="All Loaded Results" id="19431567-8539-422a-85d7-44ee4e166bda" />
  </TestLists>
  <ResultSummary outcome="Completed">
    <Counters total="4" executed="4" passed="4" failed="0" error="0" timeout="0" aborted="0" inconclusive="0" passedButRunAborted="0" notRunnable="0" notExecuted="0" disconnected="0" warning="0" completed="0" inProgress="0" pending="0" />
    <Output>
      <StdOut>[xUnit.net 00:00:00.00] xUnit.net VSTest Adapter v2.8.2+699d445a1a (64-bit .NET 8.0.30)
[xUnit.net 00:00:00.04]   Discovering: LealControl.ArchitectureTests
[xUnit.net 00:00:00.06]   Discovered:  LealControl.ArchitectureTests
[xUnit.net 00:00:00.06]   Starting:    LealControl.ArchitectureTests
[xUnit.net 00:00:00.19]   Finished:    LealControl.ArchitectureTests
</StdOut>
    </Output>
  </ResultSummary>
</TestRun>