<?xml version="1.0" encoding="utf-8"?>
<TestRun id="faa63b5e-e33d-4bc0-ab55-803a666900c1" name="@Leonel 2026-08-20 15:31:30" xmlns="http://microsoft.com/schemas/VisualStudio/TeamTest/2010">
  <Times creation="2026-08-20T15:31:30.0981477+00:00" queuing="2026-08-20T15:31:30.0981477+00:00" start="2026-08-20T15:31:25.9190215+00:00" finish="2026-08-20T15:31:30.4516417+00:00" />
  <TestSettings name="default" id="ef3c1b99-6175-4577-85cf-57ddd3c5ce68">
    <Deployment runDeploymentRoot="_Leonel_2026-08-20_15_31_30" />
  </TestSettings>
  <Results>
    <UnitTestResult executionId="162ae261-1824-482e-8094-42eed13f02e1" testId="209f3b42-1538-d001-71bc-15bb9dadf5e1" testName="LealControl.Modules.Crm.IntegrationTests.CustomerApiTests.Duplicate_cuit_is_conflict" computerName="Leonel" duration="00:00:00.0335414" startTime="2026-08-20T15:31:30.1164333+00:00" endTime="2026-08-20T15:31:30.1164335+00:00" testType="13cdc9d9-ddb5-4fa4-a97d-d965ccfc6d4b" outcome="Passed" testListId="8c84fa94-04c1-424b-9868-57a2d4851a1d" relativeResultsDirectory="162ae261-1824-482e-8094-42eed13f02e1" />
    <UnitTestResult executionId="ca189d07-3bce-43c5-af1e-31ed12146477" testId="d94e9563-685b-81ef-c7b6-762b77b8db30" testName="LealControl.Modules.Crm.IntegrationTests.CustomerApiTests.Register_and_get_customer" computerName="Leonel" duration="00:00:02.2199578" startTime="2026-08-20T15:31:30.0820462+00:00" endTime="2026-08-20T15:31:30.0820549+00:00" testType="13cdc9d9-ddb5-4fa4-a97d-d965ccfc6d4b" outcome="Passed" testListId="8c84fa94-04c1-424b-9868-57a2d4851a1d" relativeResultsDirectory="ca189d07-3bce-43c5-af1e-31ed12146477" />
  </Results>
  <TestDefinitions>
    <UnitTest name="LealControl.Modules.Crm.IntegrationTests.CustomerApiTests.Register_and_get_customer" storage="/home/leonel/desarrollo/tests/lealcontrol.modules.crm.integrationtests/bin/debug/net8.0/lealcontrol.modules.crm.integrationtests.dll" id="d94e9563-685b-81ef-c7b6-762b77b8db30">
      <Execution id="ca189d07-3bce-43c5-af1e-31ed12146477" />
      <TestMethod codeBase="/home/leonel/Desarrollo/tests/LealControl.Modules.Crm.IntegrationTests/bin/Debug/net8.0/LealControl.Modules.Crm.IntegrationTests.dll" adapterTypeName="executor://xunit/VsTestRunner2/netcoreapp" className="LealControl.Modules.Crm.IntegrationTests.CustomerApiTests" name="Register_and_get_customer" />
    </UnitTest>
    <UnitTest name="LealControl.Modules.Crm.IntegrationTests.CustomerApiTests.Duplicate_cuit_is_conflict" storage="/home/leonel/desarrollo/tests/lealcontrol.modules.crm.integrationtests/bin/debug/net8.0/lealcontrol.modules.crm.integrationtests.dll" id="209f3b42-1538-d001-71bc-15bb9dadf5e1">
      <Execution id="162ae261-1824-482e-8094-42eed13f02e1" />
      <TestMethod codeBase="/home/leonel/Desarrollo/tests/LealControl.Modules.Crm.IntegrationTests/bin/Debug/net8.0/LealControl.Modules.Crm.IntegrationTests.dll" adapterTypeName="executor://xunit/VsTestRunner2/netcoreapp" className="LealControl.Modules.Crm.IntegrationTests.CustomerApiTests" name="Duplicate_cuit_is_conflict" />
    </UnitTest>
  </TestDefinitions>
  <TestEntries>
    <TestEntry testId="209f3b42-1538-d001-71bc-15bb9dadf5e1" executionId="162ae261-1824-482e-8094-42eed13f02e1" testListId="8c84fa94-04c1-424b-9868-57a2d4851a1d" />
    <TestEntry testId="d94e9563-685b-81ef-c7b6-762b77b8db30" executionId="ca189d07-3bce-43c5-af1e-31ed12146477" testListId="8c84fa94-04c1-424b-9868-57a2d4851a1d" />
  </TestEntries>
  <TestLists>
    <TestList name="Results Not in a List" id="8c84fa94-04c1-424b-9868-57a2d4851a1d" />
    <TestList name="All Loaded Results" id="19431567-8539-422a-85d7-44ee4e166bda" />
  </TestLists>
  <ResultSummary outcome="Completed">
    <Counters total="2" executed="2" passed="2" failed="0" error="0" timeout="0" aborted="0" inconclusive="0" passedButRunAborted="0" notRunnable="0" notExecuted="0" disconnected="0" warning="0" completed="0" inProgress="0" pending="0" />
    <Output>
      <StdOut>[xUnit.net 00:00:00.00] xUnit.net VSTest Adapter v2.8.2+699d445a1a (64-bit .NET 8.0.30)
[xUnit.net 00:00:00.05]   Discovering: LealControl.Modules.Crm.IntegrationTests
[xUnit.net 00:00:00.07]   Discovered:  LealControl.Modules.Crm.IntegrationTests
[xUnit.net 00:00:00.07]   Starting:    LealControl.Modules.Crm.IntegrationTests
[xUnit.net 00:00:04.26]   Finished:    LealControl.Modules.Crm.IntegrationTests
</StdOut>
    </Output>
  </ResultSummary>
</TestRun>